TN:
SF:C:\Users\yagol\Documents\projects\angular-jwt-auth-demo\projects\angular-jwt-auth\src\test.ts
FNF:0
FNH:0
DA:8,1
DA:10,1
DA:12,1
LF:3
LH:3
BRF:0
BRH:0
end_of_record
TN:
SF:C:\Users\yagol\Documents\projects\angular-jwt-auth-demo\projects\angular-jwt-auth\src\lib\pags\login\login.component.ts
FN:1,(anonymous_0)
FN:7,(anonymous_1)
FN:15,(anonymous_2)
FN:16,LoginComponent
FN:26,(anonymous_4)
FN:38,(anonymous_5)
FN:44,(anonymous_6)
FN:55,(anonymous_7)
FN:57,(anonymous_8)
FNF:9
FNH:5
FNDA:1,(anonymous_0)
FNDA:1,(anonymous_1)
FNDA:1,(anonymous_2)
FNDA:1,LoginComponent
FNDA:1,(anonymous_4)
FNDA:0,(anonymous_5)
FNDA:0,(anonymous_6)
FNDA:0,(anonymous_7)
FNDA:0,(anonymous_8)
DA:1,1
DA:2,1
DA:3,1
DA:4,2
DA:5,1
DA:7,1
DA:8,1
DA:15,1
DA:17,1
DA:18,1
DA:19,1
DA:20,1
DA:21,1
DA:22,1
DA:23,1
DA:24,1
DA:26,1
DA:27,1
DA:32,1
DA:34,1
DA:36,1
DA:39,0
DA:44,1
DA:45,0
DA:46,0
DA:48,0
DA:49,0
DA:51,0
DA:52,0
DA:53,0
DA:54,0
DA:56,0
DA:58,0
DA:59,0
DA:60,0
DA:63,1
DA:74,1
LF:37
LH:24
BRDA:1,0,0,1
BRDA:1,0,1,0
BRDA:1,0,2,1
BRDA:2,1,0,1
BRDA:2,1,1,0
BRDA:2,2,0,0
BRDA:2,2,1,0
BRDA:3,3,0,0
BRDA:3,3,1,1
BRDA:3,4,0,1
BRDA:3,4,1,1
BRDA:4,5,0,2
BRDA:4,5,1,0
BRDA:4,6,0,2
BRDA:4,6,1,1
BRDA:4,7,0,2
BRDA:4,7,1,0
BRDA:4,8,0,0
BRDA:4,8,1,0
BRDA:5,9,0,1
BRDA:5,9,1,0
BRDA:5,9,2,0
BRDA:7,10,0,1
BRDA:7,10,1,0
BRDA:7,10,2,1
BRDA:8,11,0,1
BRDA:8,11,1,0
BRDA:8,12,0,1
BRDA:8,12,1,1
BRDA:34,13,0,1
BRDA:34,13,1,1
BRDA:48,14,0,0
BRDA:48,14,1,0
BRF:33
BRH:18
end_of_record
TN:
SF:C:\Users\yagol\Documents\projects\angular-jwt-auth-demo\projects\angular-jwt-auth\src\lib\shared\components\alert.component.ts
FN:1,(anonymous_0)
FN:7,(anonymous_1)
FN:12,(anonymous_2)
FN:13,AlertComponent
FN:16,(anonymous_4)
FN:22,(anonymous_5)
FN:25,(anonymous_6)
FN:28,(anonymous_7)
FNF:8
FNH:6
FNDA:1,(anonymous_0)
FNDA:1,(anonymous_1)
FNDA:1,(anonymous_2)
FNDA:1,AlertComponent
FNDA:1,(anonymous_4)
FNDA:0,(anonymous_5)
FNDA:2,(anonymous_6)
FNDA:0,(anonymous_7)
DA:1,1
DA:2,1
DA:3,1
DA:4,2
DA:5,1
DA:7,1
DA:8,1
DA:12,1
DA:14,1
DA:16,1
DA:17,1
DA:18,1
DA:19,0
DA:22,1
DA:23,0
DA:25,1
DA:26,2
DA:28,1
DA:29,0
DA:31,1
DA:38,1
LF:21
LH:18
BRDA:1,0,0,1
BRDA:1,0,1,0
BRDA:1,0,2,1
BRDA:2,1,0,1
BRDA:2,1,1,0
BRDA:2,2,0,0
BRDA:2,2,1,0
BRDA:3,3,0,0
BRDA:3,3,1,1
BRDA:3,4,0,1
BRDA:3,4,1,1
BRDA:4,5,0,2
BRDA:4,5,1,0
BRDA:4,6,0,2
BRDA:4,6,1,1
BRDA:4,7,0,2
BRDA:4,7,1,0
BRDA:4,8,0,0
BRDA:4,8,1,0
BRDA:5,9,0,1
BRDA:5,9,1,0
BRDA:5,9,2,0
BRDA:7,10,0,1
BRDA:7,10,1,0
BRDA:7,10,2,1
BRDA:8,11,0,1
BRDA:8,11,1,0
BRDA:8,12,0,1
BRDA:8,12,1,1
BRDA:18,13,0,0
BRDA:18,13,1,1
BRDA:18,14,0,1
BRDA:18,14,1,0
BRF:33
BRH:18
end_of_record
TN:
SF:C:\Users\yagol\Documents\projects\angular-jwt-auth-demo\projects\angular-jwt-auth\src\lib\shared\components\alert.service.ts
FN:1,(anonymous_0)
FN:2,AlertService
FN:4,(anonymous_2)
FN:7,(anonymous_3)
FNF:4
FNH:4
FNDA:1,(anonymous_0)
FNDA:6,AlertService
FNDA:1,(anonymous_2)
FNDA:2,(anonymous_3)
DA:1,1
DA:4,1
DA:5,1
DA:7,1
DA:8,2
DA:10,1
LF:6
LH:6
BRF:0
BRH:0
end_of_record
TN:
SF:C:\Users\yagol\Documents\projects\angular-jwt-auth-demo\projects\angular-jwt-auth\src\lib\shared\interceptors\mockup.backend.interceptor.ts
FN:3,(anonymous_0)
FN:4,MockupBackendInterceptor
FN:6,(anonymous_2)
FN:15,(anonymous_3)
FN:34,(anonymous_4)
FN:75,(anonymous_5)
FNF:6
FNH:4
FNDA:1,(anonymous_0)
FNDA:4,MockupBackendInterceptor
FNDA:4,(anonymous_2)
FNDA:0,(anonymous_3)
FNDA:4,(anonymous_4)
FNDA:0,(anonymous_5)
DA:3,1
DA:6,1
DA:8,4
DA:11,4
DA:13,0
DA:15,0
DA:16,0
DA:19,0
DA:20,0
DA:24,0
DA:25,0
DA:26,0
DA:28,0
DA:32,4
DA:34,4
DA:35,4
DA:37,4
DA:39,1
DA:40,1
DA:48,1
DA:52,3
DA:56,0
DA:59,0
DA:60,0
DA:64,0
DA:68,0
DA:71,0
DA:73,0
DA:74,0
DA:75,0
DA:76,0
DA:78,0
DA:79,0
DA:83,0
DA:87,0
DA:90,0
DA:92,0
DA:93,0
DA:94,0
DA:95,0
DA:96,0
DA:98,0
DA:99,0
DA:100,0
DA:104,0
DA:108,0
DA:112,0
DA:114,1
LF:48
LH:13
BRDA:8,0,0,4
BRDA:8,0,1,0
BRDA:11,1,0,0
BRDA:11,1,1,4
BRDA:11,2,0,4
BRDA:11,2,1,0
BRDA:19,3,0,0
BRDA:19,3,1,0
BRDA:32,4,0,4
BRDA:32,4,1,0
BRDA:32,5,0,4
BRDA:32,5,1,4
BRDA:35,6,0,4
BRDA:35,6,1,1
BRDA:37,7,0,1
BRDA:37,7,1,3
BRDA:56,8,0,0
BRDA:56,8,1,0
BRDA:56,9,0,0
BRDA:56,9,1,0
BRDA:59,10,0,0
BRDA:59,10,1,0
BRDA:68,11,0,0
BRDA:68,11,1,0
BRDA:68,12,0,0
BRDA:68,12,1,0
BRDA:71,13,0,0
BRDA:71,13,1,0
BRDA:78,14,0,0
BRDA:78,14,1,0
BRDA:87,15,0,0
BRDA:87,15,1,0
BRDA:87,16,0,0
BRDA:87,16,1,0
BRDA:90,17,0,0
BRDA:90,17,1,0
BRDA:96,18,0,0
BRDA:96,18,1,0
BRF:38
BRH:10
end_of_record
TN:
SF:C:\Users\yagol\Documents\projects\angular-jwt-auth-demo\projects\angular-jwt-auth\src\lib\shared\services\auth\auth.service.ts
FN:1,(anonymous_0)
FN:7,(anonymous_1)
FN:21,(anonymous_2)
FN:32,(anonymous_3)
FN:33,AuthService
FN:37,(anonymous_5)
FN:42,(anonymous_6)
FN:51,(anonymous_7)
FN:56,(anonymous_8)
FN:58,(anonymous_9)
FN:60,(anonymous_10)
FNF:11
FNH:7
FNDA:1,(anonymous_0)
FNDA:1,(anonymous_1)
FNDA:0,(anonymous_2)
FNDA:1,(anonymous_3)
FNDA:6,AuthService
FNDA:4,(anonymous_5)
FNDA:1,(anonymous_6)
FNDA:2,(anonymous_7)
FNDA:0,(anonymous_8)
FNDA:0,(anonymous_9)
FNDA:0,(anonymous_10)
DA:1,1
DA:2,1
DA:3,1
DA:4,2
DA:5,1
DA:7,1
DA:8,1
DA:14,1
DA:21,1
DA:22,0
DA:23,0
DA:24,0
DA:25,0
DA:26,0
DA:29,0
DA:32,1
DA:34,6
DA:35,6
DA:37,1
DA:38,4
DA:44,1
DA:46,1
DA:48,1
DA:51,1
DA:53,2
DA:54,2
DA:56,1
DA:58,1
DA:60,1
DA:62,1
DA:66,1
LF:31
LH:25
BRDA:1,0,0,1
BRDA:1,0,1,0
BRDA:1,0,2,1
BRDA:2,1,0,1
BRDA:2,1,1,0
BRDA:2,2,0,0
BRDA:2,2,1,0
BRDA:3,3,0,0
BRDA:3,3,1,1
BRDA:3,4,0,1
BRDA:3,4,1,1
BRDA:4,5,0,2
BRDA:4,5,1,0
BRDA:4,6,0,2
BRDA:4,6,1,1
BRDA:4,7,0,2
BRDA:4,7,1,0
BRDA:4,8,0,0
BRDA:4,8,1,0
BRDA:5,9,0,1
BRDA:5,9,1,0
BRDA:5,9,2,0
BRDA:7,10,0,1
BRDA:7,10,1,0
BRDA:7,10,2,1
BRDA:8,11,0,1
BRDA:8,11,1,0
BRDA:8,12,0,1
BRDA:8,12,1,1
BRDA:44,13,0,1
BRDA:44,13,1,0
BRDA:44,14,0,1
BRDA:44,14,1,1
BRF:33
BRH:19
end_of_record
TN:
SF:C:\Users\yagol\Documents\projects\angular-jwt-auth-demo\projects\angular-jwt-auth\src\lib\shared\services\auth\jwt.interceptor.ts
FN:6,(anonymous_0)
FN:7,JwtInterceptor
FN:9,(anonymous_2)
FNF:3
FNH:3
FNDA:1,(anonymous_0)
FNDA:4,JwtInterceptor
FNDA:4,(anonymous_2)
DA:6,1
DA:9,1
DA:11,4
DA:12,4
DA:14,3
DA:18,4
DA:20,1
LF:7
LH:7
BRDA:12,0,0,3
BRDA:12,0,1,1
BRDA:12,1,0,4
BRDA:12,1,1,3
BRF:4
BRH:4
end_of_record
